Initializing document watcher...
mypy/new.py: {}
mypy/pyvenv.cfg: {}
mypy/new.py: {}
mypy/new.py: {}
mypy/new.py: {}
mypy/install.py: {}
mypy/install.py: Using EditorConfig core...
mypy/install.py: Using EditorConfig core...
mypy/install.py: Using EditorConfig core...
mypy/install.py: {}
mypy/hello.py: {}
mypy/hello.py: {}
mypy/hello.py: {}
mypy/main.py: {}
mypy/pyvenv.cfg: {}
mypy/new.py: {}
mypy/hello.py: {}
mypy/hello.py: Using EditorConfig core...
mypy/new.py: {}
mypy/new.py: {}
mypy/new.py: {}
mypy/new.py: {}
mypy/new.py: {}
mypy/new.py: {}
mypy/new.py: {}
mypy/new.py: {}
mypy/new.py: {}
mypy/new.py: {}
mypy/build/new/warn-new.txt: {}
mypy/new.py: {}
mypy/new.py: {}
mypy/new.spec: {}
mypy/MyApplication.spec: {}
mypy/new.py: {}
mypy/new.py: {}
mypy/new.py: {}
mypy/new.py: {}
mypy/new.py: {}
mypy/new.py: {}
mypy/new.py: {}
mypy/new.py: {}
mypy/new.py: {}
mypy/new.py: {}
mypy/new.py: {}
mypy/new.py: {}
mypy/new.py: {}
mypy/new.py: {}
mypy/new.py: {}
mypy/new.py: {}
mypy/new.py: {}
mypy/new.py: {}
mypy/new.py: {}
mypy/new.py: {}
mypy/new.py: {}
