User belongs to experiment group 'ShowPlayIcon - start'
User belongs to experiment group 'ShowExtensionSurveyPrompt - control'
User belongs to experiment group 'DebugAdapterFactory - experiment'
User belongs to experiment group 'PtvsdWheels37 - experiment'
User belongs to experiment group 'UseTerminalToGetActivatedEnvVars - control'
User belongs to experiment group 'LocalZMQKernel - experiment'
User belongs to experiment group 'CollectLSRequestTiming - control'
User belongs to experiment group 'CollectNodeLSRequestTiming - experiment'
User belongs to experiment group 'EnableIPyWidgets - experiment'
User belongs to experiment group 'RunByLine - experiment'
User belongs to experiment group 'CustomEditorSupport - control'
User belongs to experiment group 'pythonaacf'
User belongs to experiment group 'pythonSendEntireLineToREPL'
User belongs to experiment group 'pythonNotDisplayLinterPrompt'
> conda --version
> conda info --json
> pyenv root
> python3.7 ~/.vscode-oss/extensions/ms-python.python-2020.10.332292344/pythonFiles/pyvsc-run-isolated.py -c "import sys;print(sys.executable)"
> python3.6 ~/.vscode-oss/extensions/ms-python.python-2020.10.332292344/pythonFiles/pyvsc-run-isolated.py -c "import sys;print(sys.executable)"
> python3 ~/.vscode-oss/extensions/ms-python.python-2020.10.332292344/pythonFiles/pyvsc-run-isolated.py -c "import sys;print(sys.executable)"
> python2 ~/.vscode-oss/extensions/ms-python.python-2020.10.332292344/pythonFiles/pyvsc-run-isolated.py -c "import sys;print(sys.executable)"
> python ~/.vscode-oss/extensions/ms-python.python-2020.10.332292344/pythonFiles/pyvsc-run-isolated.py -c "import sys;print(sys.executable)"
> python ~/.vscode-oss/extensions/ms-python.python-2020.10.332292344/pythonFiles/pyvsc-run-isolated.py -c "import sys;print(sys.executable)"
> python ~/.vscode-oss/extensions/ms-python.python-2020.10.332292344/pythonFiles/pyvsc-run-isolated.py -c "import sys;print(sys.executable)"
> python ~/.vscode-oss/extensions/ms-python.python-2020.10.332292344/pythonFiles/pyvsc-run-isolated.py -c "import sys;print(sys.executable)"
> ~/scrap/mypy/bin/python ~/.vscode-oss/extensions/ms-python.python-2020.10.332292344/pythonFiles/pyvsc-run-isolated.py -c "import notebook"
> ~/scrap/mypy/bin/python ~/.vscode-oss/extensions/ms-python.python-2020.10.332292344/pythonFiles/pyvsc-run-isolated.py -c "import jupyter"
Error 2021-01-25 23:13:14: Failed to check if file needs to be fixed [EntryNotFound (FileSystemError): Unable to read file '/home/mike/.config/Code/User/settings.json' (EntryNotFound (FileSystemError): Error: ENOENT: no such file or directory, open '/home/mike/.config/Code/User/settings.json')
	at _handleError (/usr/lib/code/out/vs/workbench/services/extensions/node/extensionHostProcess.js:745:473)
	at processTicksAndRejections (internal/process/task_queues.js:94:5)
	at async y.readText (/home/mike/.vscode-oss/extensions/ms-python.python-2020.10.332292344/out/client/extension.js:9:168994)
	at async p.doesFileNeedToBeFixed (/home/mike/.vscode-oss/extensions/ms-python.python-2020.10.332292344/out/client/extension.js:56:963651)
	at async /home/mike/.vscode-oss/extensions/ms-python.python-2020.10.332292344/out/client/extension.js:56:962778
	at async Promise.all (index 0)
	at async p.getFilesToBeFixed (/home/mike/.vscode-oss/extensions/ms-python.python-2020.10.332292344/out/client/extension.js:56:962724)
	at async p.updateTestSettings (/home/mike/.vscode-oss/extensions/ms-python.python-2020.10.332292344/out/client/extension.js:56:962351)] {
  code: 'FileNotFound',
  name: 'EntryNotFound (FileSystemError)'
}
Error 2021-01-25 23:13:14: Failed to check if file needs to be fixed [EntryNotFound (FileSystemError): Unable to read file '/home/mike/scrap/mypy/.vscode/settings.json' (EntryNotFound (FileSystemError): Error: ENOENT: no such file or directory, open '/home/mike/scrap/mypy/.vscode/settings.json')
	at _handleError (/usr/lib/code/out/vs/workbench/services/extensions/node/extensionHostProcess.js:745:473)
	at processTicksAndRejections (internal/process/task_queues.js:94:5)
	at async y.readText (/home/mike/.vscode-oss/extensions/ms-python.python-2020.10.332292344/out/client/extension.js:9:168994)
	at async p.doesFileNeedToBeFixed (/home/mike/.vscode-oss/extensions/ms-python.python-2020.10.332292344/out/client/extension.js:56:963651)
	at async /home/mike/.vscode-oss/extensions/ms-python.python-2020.10.332292344/out/client/extension.js:56:962778
	at async Promise.all (index 1)
	at async p.getFilesToBeFixed (/home/mike/.vscode-oss/extensions/ms-python.python-2020.10.332292344/out/client/extension.js:56:962724)
	at async p.updateTestSettings (/home/mike/.vscode-oss/extensions/ms-python.python-2020.10.332292344/out/client/extension.js:56:962351)] {
  code: 'FileNotFound',
  name: 'EntryNotFound (FileSystemError)'
}
Starting Jedi Python language engine.
Python interpreter path: /usr/bin/python
Error 2021-01-25 23:13:14: Python Extension: interpreterManager.refresh [Error: [ms-python.python]: Proposed API is only available when running out of dev or with the following command line switch: --enable-proposed-api ms-python.python
	at a (/usr/lib/code/out/vs/workbench/services/extensions/node/extensionHostProcess.js:672:99)
	at Object.t.checkProposedApiEnabled (/usr/lib/code/out/vs/workbench/services/extensions/node/extensionHostProcess.js:672:567)
	at Object.get activeNotebookEditor [as activeNotebookEditor] (/usr/lib/code/out/vs/workbench/services/extensions/node/extensionHostProcess.js:1036:521)
	at u.get activeNotebookEditor [as activeNotebookEditor] (/home/mike/.vscode-oss/extensions/ms-python.python-2020.10.332292344/out/client/extension.js:56:1203223)
	at u.get hidden [as hidden] (/home/mike/.vscode-oss/extensions/ms-python.python-2020.10.332292344/out/client/extension.js:56:647038)
	at /home/mike/.vscode-oss/extensions/ms-python.python-2020.10.332292344/out/client/extension.js:56:846357
	at Array.every (<anonymous>)
	at g.updateVisibility (/home/mike/.vscode-oss/extensions/ms-python.python-2020.10.332292344/out/client/extension.js:56:846345)
	at g.updateDisplay (/home/mike/.vscode-oss/extensions/ms-python.python-2020.10.332292344/out/client/extension.js:56:846218)
	at async g.refresh (/home/mike/.vscode-oss/extensions/ms-python.python-2020.10.332292344/out/client/extension.js:56:845171)]
> conda --version
> /usr/bin/python ~/.vscode-oss/extensions/ms-python.python-2020.10.332292344/pythonFiles/pyvsc-run-isolated.py -c "import sys;print(sys.prefix)"
cwd: ~/scrap/mypy
> /usr/bin/python ~/.vscode-oss/extensions/ms-python.python-2020.10.332292344/pythonFiles/pyvsc-run-isolated.py -c "import sys;print(sys.prefix)"
cwd: ~/scrap/mypy
> /usr/bin/python ~/.vscode-oss/extensions/ms-python.python-2020.10.332292344/pythonFiles/pyvsc-run-isolated.py -c "import sys;print(sys.executable)"
cwd: ~/scrap/mypy
> /usr/bin/python ~/.vscode-oss/extensions/ms-python.python-2020.10.332292344/pythonFiles/pyvsc-run-isolated.py -c "import sys;print(sys.executable)"
cwd: ~/scrap/mypy
> /usr/bin/python ~/.vscode-oss/extensions/ms-python.python-2020.10.332292344/pythonFiles/pyvsc-run-isolated.py -c "from distutils.sysconfig import get_python_lib; print(get_python_lib())"
cwd: ~/scrap/mypy
> /usr/bin/python ~/.vscode-oss/extensions/ms-python.python-2020.10.332292344/pythonFiles/pyvsc-run-isolated.py -c "from distutils.sysconfig import get_python_lib; print(get_python_lib())"
cwd: ~/scrap/mypy
> /usr/bin/python ~/.vscode-oss/extensions/ms-python.python-2020.10.332292344/pythonFiles/pyvsc-run-isolated.py site --user-site
cwd: ~/scrap/mypy
> /usr/bin/python ~/.vscode-oss/extensions/ms-python.python-2020.10.332292344/pythonFiles/pyvsc-run-isolated.py site --user-site
cwd: ~/scrap/mypy
> /usr/bin/python ~/.vscode-oss/extensions/ms-python.python-2020.10.332292344/pythonFiles/pyvsc-run-isolated.py ~/.vscode-oss/extensions/ms-python.python-2020.10.332292344/pythonFiles/completion.py
> /usr/bin/python ~/.vscode-oss/extensions/ms-python.python-2020.10.332292344/pythonFiles/pyvsc-run-isolated.py ~/.vscode-oss/extensions/ms-python.python-2020.10.332292344/pythonFiles/completion.py
Error 2021-01-25 23:13:14: stderr jediProxy Error (stderr) /home/mike/.vscode-oss/extensions/ms-python.python-2020.10.332292344/pythonFiles/completion.py:584: DeprecationWarning: Deprecated since version 0.16.0. Use Script(...).get_names instead.
  jedi.api.names(

> /usr/bin/python ~/.vscode-oss/extensions/ms-python.python-2020.10.332292344/pythonFiles/pyvsc-run-isolated.py pylint --disable=all --enable=F,unreachable,duplicate-key,unnecessary-semicolon,global-variable-not-assigned,unused-variable,unused-wildcard-import,binary-op-exception,bad-format-string,anomalous-backslash-in-string,bad-open-mode,E0001,E0011,E0012,E0100,E0101,E0102,E0103,E0104,E0105,E0107,E0108,E0110,E0111,E0112,E0113,E0114,E0115,E0116,E0117,E0118,E0202,E0203,E0211,E0213,E0236,E0237,E0238,E0239,E0240,E0241,E0301,E0302,E0303,E0401,E0402,E0601,E0602,E0603,E0604,E0611,E0632,E0633,E0701,E0702,E0703,E0704,E0710,E0711,E0712,E1003,E1101,E1102,E1111,E1120,E1121,E1123,E1124,E1125,E1126,E1127,E1128,E1129,E1130,E1131,E1132,E1133,E1134,E1135,E1136,E1137,E1138,E1139,E1200,E1201,E1205,E1206,E1300,E1301,E1302,E1303,E1304,E1305,E1306,E1310,E1700,E1701 --msg-template='{line},{column},{category},{symbol}:{msg}' --reports=n --output-format=text ~/scrap/mypy/main.py
cwd: ~/scrap/mypy
> /usr/bin/python ~/.vscode-oss/extensions/ms-python.python-2020.10.332292344/pythonFiles/pyvsc-run-isolated.py pylint --disable=all --enable=F,unreachable,duplicate-key,unnecessary-semicolon,global-variable-not-assigned,unused-variable,unused-wildcard-import,binary-op-exception,bad-format-string,anomalous-backslash-in-string,bad-open-mode,E0001,E0011,E0012,E0100,E0101,E0102,E0103,E0104,E0105,E0107,E0108,E0110,E0111,E0112,E0113,E0114,E0115,E0116,E0117,E0118,E0202,E0203,E0211,E0213,E0236,E0237,E0238,E0239,E0240,E0241,E0301,E0302,E0303,E0401,E0402,E0601,E0602,E0603,E0604,E0611,E0632,E0633,E0701,E0702,E0703,E0704,E0710,E0711,E0712,E1003,E1101,E1102,E1111,E1120,E1121,E1123,E1124,E1125,E1126,E1127,E1128,E1129,E1130,E1131,E1132,E1133,E1134,E1135,E1136,E1137,E1138,E1139,E1200,E1201,E1205,E1206,E1300,E1301,E1302,E1303,E1304,E1305,E1306,E1310,E1700,E1701 --msg-template='{line},{column},{category},{symbol}:{msg}' --reports=n --output-format=text ~/scrap/mypy/main.py
cwd: ~/scrap/mypy
##########Linting Output - pylint##########
************* Module main
1,0,error,import-error:Unable to import 'PyQt6.QtCore'
2,0,error,import-error:Unable to import 'PyQt6.QtWidgets'

------------------------------------------------------------------
Your code has been rated at 9.30/10 (previous run: 0.56/10, +8.74)

Error 2021-01-25 23:13:17: stderr jediProxy Error (stderr) /home/mike/.vscode-oss/extensions/ms-python.python-2020.10.332292344/pythonFiles/completion.py:592: DeprecationWarning: Providing the line is now done in the functions themselves like `Script(...).complete(line, column)`
  script = jedi.Script(
/home/mike/.vscode-oss/extensions/ms-python.python-2020.10.332292344/pythonFiles/completion.py:592: DeprecationWarning: Providing the column is now done in the functions themselves like `Script(...).complete(line, column)`
  script = jedi.Script(
/home/mike/.vscode-oss/extensions/ms-python.python-2020.10.332292344/pythonFiles/completion.py:592: DeprecationWarning: Deprecated since version 0.17.0. Use the project API instead, which means Script(project=Project(dir, sys_path=sys_path)) instead.
  script = jedi.Script(
/home/mike/.vscode-oss/extensions/ms-python.python-2020.10.332292344/pythonFiles/completion.py:626: DeprecationWarning: Deprecated since version 0.16.0. Use Script(...).infer instead.
  script.goto_definitions(), request["id"]

> /usr/bin/python ~/.vscode-oss/extensions/ms-python.python-2020.10.332292344/pythonFiles/pyvsc-run-isolated.py pylint --disable=all --enable=F,unreachable,duplicate-key,unnecessary-semicolon,global-variable-not-assigned,unused-variable,unused-wildcard-import,binary-op-exception,bad-format-string,anomalous-backslash-in-string,bad-open-mode,E0001,E0011,E0012,E0100,E0101,E0102,E0103,E0104,E0105,E0107,E0108,E0110,E0111,E0112,E0113,E0114,E0115,E0116,E0117,E0118,E0202,E0203,E0211,E0213,E0236,E0237,E0238,E0239,E0240,E0241,E0301,E0302,E0303,E0401,E0402,E0601,E0602,E0603,E0604,E0611,E0632,E0633,E0701,E0702,E0703,E0704,E0710,E0711,E0712,E1003,E1101,E1102,E1111,E1120,E1121,E1123,E1124,E1125,E1126,E1127,E1128,E1129,E1130,E1131,E1132,E1133,E1134,E1135,E1136,E1137,E1138,E1139,E1200,E1201,E1205,E1206,E1300,E1301,E1302,E1303,E1304,E1305,E1306,E1310,E1700,E1701 --msg-template='{line},{column},{category},{symbol}:{msg}' --reports=n --output-format=text ~/scrap/mypy/new.py
cwd: ~/scrap/mypy
> /usr/bin/python ~/.vscode-oss/extensions/ms-python.python-2020.10.332292344/pythonFiles/pyvsc-run-isolated.py pylint --disable=all --enable=F,unreachable,duplicate-key,unnecessary-semicolon,global-variable-not-assigned,unused-variable,unused-wildcard-import,binary-op-exception,bad-format-string,anomalous-backslash-in-string,bad-open-mode,E0001,E0011,E0012,E0100,E0101,E0102,E0103,E0104,E0105,E0107,E0108,E0110,E0111,E0112,E0113,E0114,E0115,E0116,E0117,E0118,E0202,E0203,E0211,E0213,E0236,E0237,E0238,E0239,E0240,E0241,E0301,E0302,E0303,E0401,E0402,E0601,E0602,E0603,E0604,E0611,E0632,E0633,E0701,E0702,E0703,E0704,E0710,E0711,E0712,E1003,E1101,E1102,E1111,E1120,E1121,E1123,E1124,E1125,E1126,E1127,E1128,E1129,E1130,E1131,E1132,E1133,E1134,E1135,E1136,E1137,E1138,E1139,E1200,E1201,E1205,E1206,E1300,E1301,E1302,E1303,E1304,E1305,E1306,E1310,E1700,E1701 --msg-template='{line},{column},{category},{symbol}:{msg}' --reports=n --output-format=text ~/scrap/mypy/new.py
cwd: ~/scrap/mypy
Error 2021-01-25 23:13:20: stderr jediProxy Error (stderr) /home/mike/.vscode-oss/extensions/ms-python.python-2020.10.332292344/pythonFiles/completion.py:584: DeprecationWarning: Deprecated since version 0.16.0. Use Script(...).get_names instead.
  jedi.api.names(

##########Linting Output - pylint##########
************* Module new
1,0,error,import-error:Unable to import 'PySide6'

------------------------------------------------------------------
Your code has been rated at 9.80/10 (previous run: 9.80/10, +0.00)

Error 2021-01-25 23:13:23: stderr jediProxy Error (stderr) /home/mike/.vscode-oss/extensions/ms-python.python-2020.10.332292344/pythonFiles/completion.py:592: DeprecationWarning: Providing the line is now done in the functions themselves like `Script(...).complete(line, column)`
  script = jedi.Script(
/home/mike/.vscode-oss/extensions/ms-python.python-2020.10.332292344/pythonFiles/completion.py:592: DeprecationWarning: Providing the column is now done in the functions themselves like `Script(...).complete(line, column)`
  script = jedi.Script(
/home/mike/.vscode-oss/extensions/ms-python.python-2020.10.332292344/pythonFiles/completion.py:592: DeprecationWarning: Deprecated since version 0.17.0. Use the project API instead, which means Script(project=Project(dir, sys_path=sys_path)) instead.
  script = jedi.Script(
/home/mike/.vscode-oss/extensions/ms-python.python-2020.10.332292344/pythonFiles/completion.py:626: DeprecationWarning: Deprecated since version 0.16.0. Use Script(...).infer instead.
  script.goto_definitions(), request["id"]

Error 2021-01-25 23:13:27: stderr jediProxy Error (stderr) /home/mike/.vscode-oss/extensions/ms-python.python-2020.10.332292344/pythonFiles/completion.py:603: DeprecationWarning: Deprecated since version 0.16.0. Use Script(...).goto instead.
  script.goto_assignments(follow_imports=True), request["id"]

> /usr/bin/python ~/.vscode-oss/extensions/ms-python.python-2020.10.332292344/pythonFiles/pyvsc-run-isolated.py pylint --disable=all --enable=F,unreachable,duplicate-key,unnecessary-semicolon,global-variable-not-assigned,unused-variable,unused-wildcard-import,binary-op-exception,bad-format-string,anomalous-backslash-in-string,bad-open-mode,E0001,E0011,E0012,E0100,E0101,E0102,E0103,E0104,E0105,E0107,E0108,E0110,E0111,E0112,E0113,E0114,E0115,E0116,E0117,E0118,E0202,E0203,E0211,E0213,E0236,E0237,E0238,E0239,E0240,E0241,E0301,E0302,E0303,E0401,E0402,E0601,E0602,E0603,E0604,E0611,E0632,E0633,E0701,E0702,E0703,E0704,E0710,E0711,E0712,E1003,E1101,E1102,E1111,E1120,E1121,E1123,E1124,E1125,E1126,E1127,E1128,E1129,E1130,E1131,E1132,E1133,E1134,E1135,E1136,E1137,E1138,E1139,E1200,E1201,E1205,E1206,E1300,E1301,E1302,E1303,E1304,E1305,E1306,E1310,E1700,E1701 --msg-template='{line},{column},{category},{symbol}:{msg}' --reports=n --output-format=text ~/scrap/mypy/lib/python3.9/site-packages/PySide6/QtWidgets.pyi
cwd: ~/scrap/mypy
> /usr/bin/python ~/.vscode-oss/extensions/ms-python.python-2020.10.332292344/pythonFiles/pyvsc-run-isolated.py pylint --disable=all --enable=F,unreachable,duplicate-key,unnecessary-semicolon,global-variable-not-assigned,unused-variable,unused-wildcard-import,binary-op-exception,bad-format-string,anomalous-backslash-in-string,bad-open-mode,E0001,E0011,E0012,E0100,E0101,E0102,E0103,E0104,E0105,E0107,E0108,E0110,E0111,E0112,E0113,E0114,E0115,E0116,E0117,E0118,E0202,E0203,E0211,E0213,E0236,E0237,E0238,E0239,E0240,E0241,E0301,E0302,E0303,E0401,E0402,E0601,E0602,E0603,E0604,E0611,E0632,E0633,E0701,E0702,E0703,E0704,E0710,E0711,E0712,E1003,E1101,E1102,E1111,E1120,E1121,E1123,E1124,E1125,E1126,E1127,E1128,E1129,E1130,E1131,E1132,E1133,E1134,E1135,E1136,E1137,E1138,E1139,E1200,E1201,E1205,E1206,E1300,E1301,E1302,E1303,E1304,E1305,E1306,E1310,E1700,E1701 --msg-template='{line},{column},{category},{symbol}:{msg}' --reports=n --output-format=text ~/scrap/mypy/lib/python3.9/site-packages/PySide6/QtWidgets.pyi
cwd: ~/scrap/mypy
##########Linting Output - pylint##########
************* Module PySide6.QtWidgets
52,0,error,no-name-in-module:No name 'signature' in module 'PySide6.support'
52,0,error,import-error:Unable to import 'PySide6.support.signature.mapping'
124,31,error,undefined-variable:Undefined variable 'QAbstractItemDelegate'
152,31,error,undefined-variable:Undefined variable 'QAbstractItemView'
406,31,error,undefined-variable:Undefined variable 'QAbstractScrollArea'
463,31,error,undefined-variable:Undefined variable 'QAbstractSlider'
529,31,error,undefined-variable:Undefined variable 'QAbstractSpinBox'
765,31,error,undefined-variable:Undefined variable 'QBoxLayout'
839,31,error,undefined-variable:Undefined variable 'QCalendarWidget'
942,31,error,undefined-variable:Undefined variable 'QColorDialog'
987,31,error,undefined-variable:Undefined variable 'QColormap'
1047,31,error,undefined-variable:Undefined variable 'QComboBox'
1215,31,error,undefined-variable:Undefined variable 'QCompleter'
1277,31,error,undefined-variable:Undefined variable 'QDataWidgetMapper'
1325,31,error,undefined-variable:Undefined variable 'QDateTimeEdit'
1451,31,error,undefined-variable:Undefined variable 'QDialog'
1483,31,error,undefined-variable:Undefined variable 'QDialogButtonBox'
1598,31,error,undefined-variable:Undefined variable 'QDockWidget'
1684,31,error,undefined-variable:Undefined variable 'QFileDialog'
1833,31,error,undefined-variable:Undefined variable 'QFileSystemModel'
1928,31,error,undefined-variable:Undefined variable 'QFontComboBox'
1956,31,error,undefined-variable:Undefined variable 'QFontDialog'
2002,31,error,undefined-variable:Undefined variable 'QFormLayout'
2101,31,error,undefined-variable:Undefined variable 'QFrame'
2156,31,error,undefined-variable:Undefined variable 'QGesture'
2213,31,error,undefined-variable:Undefined variable 'QGestureRecognizer'
2275,31,error,undefined-variable:Undefined variable 'QGraphicsBlurEffect'
2331,31,error,undefined-variable:Undefined variable 'QGraphicsEffect'
2452,31,error,undefined-variable:Undefined variable 'QGraphicsItem'
3070,31,error,undefined-variable:Undefined variable 'QGraphicsPixmapItem'
3225,31,error,undefined-variable:Undefined variable 'QGraphicsScene'
3374,31,error,undefined-variable:Undefined variable 'QGraphicsSceneContextMenuEvent'
3622,31,error,undefined-variable:Undefined variable 'QGraphicsView'
4005,31,error,undefined-variable:Undefined variable 'QHeaderView'
4135,31,error,undefined-variable:Undefined variable 'QInputDialog'
4280,31,error,undefined-variable:Undefined variable 'QLCDNumber'
4392,31,error,undefined-variable:Undefined variable 'QLayout'
4492,31,error,undefined-variable:Undefined variable 'QLineEdit'
4615,31,error,undefined-variable:Undefined variable 'QListView'
4790,31,error,undefined-variable:Undefined variable 'QListWidgetItem'
4846,31,error,undefined-variable:Undefined variable 'QMainWindow'
4927,31,error,undefined-variable:Undefined variable 'QMdiArea'
4995,34,error,undefined-variable:Undefined variable 'QMdiSubWindow'
5194,31,error,undefined-variable:Undefined variable 'QMessageBox'
5394,31,error,undefined-variable:Undefined variable 'QPinchGesture'
5449,31,error,undefined-variable:Undefined variable 'QPlainTextEdit'
5573,31,error,undefined-variable:Undefined variable 'QProgressBar'
5741,31,error,undefined-variable:Undefined variable 'QRubberBand'
5815,31,error,undefined-variable:Undefined variable 'QScroller'
5884,31,error,undefined-variable:Undefined variable 'QScrollerProperties'
5980,31,error,undefined-variable:Undefined variable 'QSizePolicy'
6072,31,error,undefined-variable:Undefined variable 'QSlider'
6232,31,error,undefined-variable:Undefined variable 'QStackedLayout'
6309,31,error,undefined-variable:Undefined variable 'QStyle'
7507,31,error,undefined-variable:Undefined variable 'QStyleHintReturn'
7528,31,error,undefined-variable:Undefined variable 'QStyleHintReturnMask'
7541,31,error,undefined-variable:Undefined variable 'QStyleHintReturnVariant'
7554,31,error,undefined-variable:Undefined variable 'QStyleOption'
7626,31,error,undefined-variable:Undefined variable 'QStyleOptionButton'
7660,31,error,undefined-variable:Undefined variable 'QStyleOptionComboBox'
7678,31,error,undefined-variable:Undefined variable 'QStyleOptionComplex'
7694,31,error,undefined-variable:Undefined variable 'QStyleOptionDockWidget'
7712,31,error,undefined-variable:Undefined variable 'QStyleOptionFocusRect'
7730,31,error,undefined-variable:Undefined variable 'QStyleOptionFrame'
7758,31,error,undefined-variable:Undefined variable 'QStyleOptionGraphicsItem'
7779,31,error,undefined-variable:Undefined variable 'QStyleOptionGroupBox'
7797,31,error,undefined-variable:Undefined variable 'QStyleOptionHeader'
7843,31,error,undefined-variable:Undefined variable 'QStyleOptionMenuItem'
7887,31,error,undefined-variable:Undefined variable 'QStyleOptionProgressBar'
7905,31,error,undefined-variable:Undefined variable 'QStyleOptionRubberBand'
7923,31,error,undefined-variable:Undefined variable 'QStyleOptionSizeGrip'
7941,31,error,undefined-variable:Undefined variable 'QStyleOptionSlider'
7959,31,error,undefined-variable:Undefined variable 'QStyleOptionSpinBox'
7977,31,error,undefined-variable:Undefined variable 'QStyleOptionTab'
8031,31,error,undefined-variable:Undefined variable 'QStyleOptionTabBarBase'
8049,31,error,undefined-variable:Undefined variable 'QStyleOptionTabWidgetFrame'
8067,31,error,undefined-variable:Undefined variable 'QStyleOptionTitleBar'
8085,31,error,undefined-variable:Undefined variable 'QStyleOptionToolBar'
8121,31,error,undefined-variable:Undefined variable 'QStyleOptionToolBox'
8157,31,error,undefined-variable:Undefined variable 'QStyleOptionToolButton'
8191,31,error,undefined-variable:Undefined variable 'QStyleOptionViewItem'
8291,31,error,undefined-variable:Undefined variable 'QSwipeGesture'
8313,31,error,undefined-variable:Undefined variable 'QSystemTrayIcon'
8364,31,error,undefined-variable:Undefined variable 'QTabBar'
8482,31,error,undefined-variable:Undefined variable 'QTabWidget'
8733,31,error,undefined-variable:Undefined variable 'QTableWidgetItem'
8864,31,error,undefined-variable:Undefined variable 'QTextEdit'
9135,31,error,undefined-variable:Undefined variable 'QToolButton'
9370,31,error,undefined-variable:Undefined variable 'QTreeWidgetItem'
9466,31,error,undefined-variable:Undefined variable 'QTreeWidgetItemIterator'
9570,31,error,undefined-variable:Undefined variable 'QWidget'
9969,31,error,undefined-variable:Undefined variable 'QWizard'

-----------------------------------
Your code has been rated at 9.66/10

> ~/scrap/mypy/bin/python ~/.vscode-oss/extensions/ms-python.python-2020.10.332292344/pythonFiles/pyvsc-run-isolated.py pip --version
Starting Jedi Python language engine.
Python interpreter path: ./bin/python
Error 2021-01-25 23:14:12: Python Extension: display.refresh [Error: [ms-python.python]: Proposed API is only available when running out of dev or with the following command line switch: --enable-proposed-api ms-python.python
	at a (/usr/lib/code/out/vs/workbench/services/extensions/node/extensionHostProcess.js:672:99)
	at Object.t.checkProposedApiEnabled (/usr/lib/code/out/vs/workbench/services/extensions/node/extensionHostProcess.js:672:567)
	at Object.get activeNotebookEditor [as activeNotebookEditor] (/usr/lib/code/out/vs/workbench/services/extensions/node/extensionHostProcess.js:1036:521)
	at u.get activeNotebookEditor [as activeNotebookEditor] (/home/mike/.vscode-oss/extensions/ms-python.python-2020.10.332292344/out/client/extension.js:56:1203223)
	at u.get hidden [as hidden] (/home/mike/.vscode-oss/extensions/ms-python.python-2020.10.332292344/out/client/extension.js:56:647038)
	at /home/mike/.vscode-oss/extensions/ms-python.python-2020.10.332292344/out/client/extension.js:56:846357
	at Array.every (<anonymous>)
	at g.updateVisibility (/home/mike/.vscode-oss/extensions/ms-python.python-2020.10.332292344/out/client/extension.js:56:846345)
	at g.updateDisplay (/home/mike/.vscode-oss/extensions/ms-python.python-2020.10.332292344/out/client/extension.js:56:846218)
	at async g.refresh (/home/mike/.vscode-oss/extensions/ms-python.python-2020.10.332292344/out/client/extension.js:56:845171)]
> ~/scrap/mypy/bin/python ~/.vscode-oss/extensions/ms-python.python-2020.10.332292344/pythonFiles/pyvsc-run-isolated.py pylint --disable=all --enable=F,unreachable,duplicate-key,unnecessary-semicolon,global-variable-not-assigned,unused-variable,unused-wildcard-import,binary-op-exception,bad-format-string,anomalous-backslash-in-string,bad-open-mode,E0001,E0011,E0012,E0100,E0101,E0102,E0103,E0104,E0105,E0107,E0108,E0110,E0111,E0112,E0113,E0114,E0115,E0116,E0117,E0118,E0202,E0203,E0211,E0213,E0236,E0237,E0238,E0239,E0240,E0241,E0301,E0302,E0303,E0401,E0402,E0601,E0602,E0603,E0604,E0611,E0632,E0633,E0701,E0702,E0703,E0704,E0710,E0711,E0712,E1003,E1101,E1102,E1111,E1120,E1121,E1123,E1124,E1125,E1126,E1127,E1128,E1129,E1130,E1131,E1132,E1133,E1134,E1135,E1136,E1137,E1138,E1139,E1200,E1201,E1205,E1206,E1300,E1301,E1302,E1303,E1304,E1305,E1306,E1310,E1700,E1701 --msg-template='{line},{column},{category},{symbol}:{msg}' --reports=n --output-format=text ~/scrap/mypy/new.py
cwd: ~/scrap/mypy
> ~/scrap/mypy/bin/python ~/.vscode-oss/extensions/ms-python.python-2020.10.332292344/pythonFiles/pyvsc-run-isolated.py pylint --disable=all --enable=F,unreachable,duplicate-key,unnecessary-semicolon,global-variable-not-assigned,unused-variable,unused-wildcard-import,binary-op-exception,bad-format-string,anomalous-backslash-in-string,bad-open-mode,E0001,E0011,E0012,E0100,E0101,E0102,E0103,E0104,E0105,E0107,E0108,E0110,E0111,E0112,E0113,E0114,E0115,E0116,E0117,E0118,E0202,E0203,E0211,E0213,E0236,E0237,E0238,E0239,E0240,E0241,E0301,E0302,E0303,E0401,E0402,E0601,E0602,E0603,E0604,E0611,E0632,E0633,E0701,E0702,E0703,E0704,E0710,E0711,E0712,E1003,E1101,E1102,E1111,E1120,E1121,E1123,E1124,E1125,E1126,E1127,E1128,E1129,E1130,E1131,E1132,E1133,E1134,E1135,E1136,E1137,E1138,E1139,E1200,E1201,E1205,E1206,E1300,E1301,E1302,E1303,E1304,E1305,E1306,E1310,E1700,E1701 --msg-template='{line},{column},{category},{symbol}:{msg}' --reports=n --output-format=text ~/scrap/mypy/new.py
cwd: ~/scrap/mypy
> ~/scrap/mypy/bin/python ~/.vscode-oss/extensions/ms-python.python-2020.10.332292344/pythonFiles/pyvsc-run-isolated.py pylint --disable=all --enable=F,unreachable,duplicate-key,unnecessary-semicolon,global-variable-not-assigned,unused-variable,unused-wildcard-import,binary-op-exception,bad-format-string,anomalous-backslash-in-string,bad-open-mode,E0001,E0011,E0012,E0100,E0101,E0102,E0103,E0104,E0105,E0107,E0108,E0110,E0111,E0112,E0113,E0114,E0115,E0116,E0117,E0118,E0202,E0203,E0211,E0213,E0236,E0237,E0238,E0239,E0240,E0241,E0301,E0302,E0303,E0401,E0402,E0601,E0602,E0603,E0604,E0611,E0632,E0633,E0701,E0702,E0703,E0704,E0710,E0711,E0712,E1003,E1101,E1102,E1111,E1120,E1121,E1123,E1124,E1125,E1126,E1127,E1128,E1129,E1130,E1131,E1132,E1133,E1134,E1135,E1136,E1137,E1138,E1139,E1200,E1201,E1205,E1206,E1300,E1301,E1302,E1303,E1304,E1305,E1306,E1310,E1700,E1701 --msg-template='{line},{column},{category},{symbol}:{msg}' --reports=n --output-format=text ~/scrap/mypy/main.py
cwd: ~/scrap/mypy
> ~/scrap/mypy/bin/python ~/.vscode-oss/extensions/ms-python.python-2020.10.332292344/pythonFiles/pyvsc-run-isolated.py pylint --disable=all --enable=F,unreachable,duplicate-key,unnecessary-semicolon,global-variable-not-assigned,unused-variable,unused-wildcard-import,binary-op-exception,bad-format-string,anomalous-backslash-in-string,bad-open-mode,E0001,E0011,E0012,E0100,E0101,E0102,E0103,E0104,E0105,E0107,E0108,E0110,E0111,E0112,E0113,E0114,E0115,E0116,E0117,E0118,E0202,E0203,E0211,E0213,E0236,E0237,E0238,E0239,E0240,E0241,E0301,E0302,E0303,E0401,E0402,E0601,E0602,E0603,E0604,E0611,E0632,E0633,E0701,E0702,E0703,E0704,E0710,E0711,E0712,E1003,E1101,E1102,E1111,E1120,E1121,E1123,E1124,E1125,E1126,E1127,E1128,E1129,E1130,E1131,E1132,E1133,E1134,E1135,E1136,E1137,E1138,E1139,E1200,E1201,E1205,E1206,E1300,E1301,E1302,E1303,E1304,E1305,E1306,E1310,E1700,E1701 --msg-template='{line},{column},{category},{symbol}:{msg}' --reports=n --output-format=text ~/scrap/mypy/main.py
cwd: ~/scrap/mypy
> ~/scrap/mypy/bin/python ~/.vscode-oss/extensions/ms-python.python-2020.10.332292344/pythonFiles/pyvsc-run-isolated.py -c "import sys;print(sys.prefix)"
cwd: ~/scrap/mypy
> ~/scrap/mypy/bin/python ~/.vscode-oss/extensions/ms-python.python-2020.10.332292344/pythonFiles/pyvsc-run-isolated.py -c "import sys;print(sys.prefix)"
cwd: ~/scrap/mypy
> ~/scrap/mypy/bin/python ~/.vscode-oss/extensions/ms-python.python-2020.10.332292344/pythonFiles/pyvsc-run-isolated.py -c "import sys;print(sys.executable)"
cwd: ~/scrap/mypy
> ~/scrap/mypy/bin/python ~/.vscode-oss/extensions/ms-python.python-2020.10.332292344/pythonFiles/pyvsc-run-isolated.py -c "import sys;print(sys.executable)"
cwd: ~/scrap/mypy
> ~/scrap/mypy/bin/python ~/.vscode-oss/extensions/ms-python.python-2020.10.332292344/pythonFiles/pyvsc-run-isolated.py -c "from distutils.sysconfig import get_python_lib; print(get_python_lib())"
cwd: ~/scrap/mypy
> ~/scrap/mypy/bin/python ~/.vscode-oss/extensions/ms-python.python-2020.10.332292344/pythonFiles/pyvsc-run-isolated.py -c "from distutils.sysconfig import get_python_lib; print(get_python_lib())"
cwd: ~/scrap/mypy
> ~/scrap/mypy/bin/python ~/.vscode-oss/extensions/ms-python.python-2020.10.332292344/pythonFiles/pyvsc-run-isolated.py site --user-site
cwd: ~/scrap/mypy
> ~/scrap/mypy/bin/python ~/.vscode-oss/extensions/ms-python.python-2020.10.332292344/pythonFiles/pyvsc-run-isolated.py site --user-site
cwd: ~/scrap/mypy
> ~/scrap/mypy/bin/python ~/.vscode-oss/extensions/ms-python.python-2020.10.332292344/pythonFiles/pyvsc-run-isolated.py ~/.vscode-oss/extensions/ms-python.python-2020.10.332292344/pythonFiles/completion.py
> ~/scrap/mypy/bin/python ~/.vscode-oss/extensions/ms-python.python-2020.10.332292344/pythonFiles/pyvsc-run-isolated.py ~/.vscode-oss/extensions/ms-python.python-2020.10.332292344/pythonFiles/completion.py
Error 2021-01-25 23:14:13: stderr jediProxy Error (stderr) /home/mike/.vscode-oss/extensions/ms-python.python-2020.10.332292344/pythonFiles/completion.py:592: DeprecationWarning: Providing the line is now done in the functions themselves like `Script(...).complete(line, column)`
  script = jedi.Script(
/home/mike/.vscode-oss/extensions/ms-python.python-2020.10.332292344/pythonFiles/completion.py:592: DeprecationWarning: Providing the column is now done in the functions themselves like `Script(...).complete(line, column)`
  script = jedi.Script(

Error 2021-01-25 23:14:13: stderr jediProxy Error (stderr) /home/mike/.vscode-oss/extensions/ms-python.python-2020.10.332292344/pythonFiles/completion.py:592: DeprecationWarning: Deprecated since version 0.17.0. Use the project API instead, which means Script(project=Project(dir, sys_path=sys_path)) instead.
  script = jedi.Script(

Error 2021-01-25 23:14:14: stderr jediProxy Error (stderr) /home/mike/.vscode-oss/extensions/ms-python.python-2020.10.332292344/pythonFiles/completion.py:626: DeprecationWarning: Deprecated since version 0.16.0. Use Script(...).infer instead.
  script.goto_definitions(), request["id"]

##########Linting Output - pylint##########
************* Module main
1,0,error,no-name-in-module:No name 'QDateTime' in module 'PyQt6.QtCore'
1,0,error,no-name-in-module:No name 'Qt' in module 'PyQt6.QtCore'
1,0,error,no-name-in-module:No name 'QTimer' in module 'PyQt6.QtCore'
2,0,error,no-name-in-module:No name 'QApplication' in module 'PyQt6.QtWidgets'
2,0,error,no-name-in-module:No name 'QCheckBox' in module 'PyQt6.QtWidgets'
2,0,error,no-name-in-module:No name 'QComboBox' in module 'PyQt6.QtWidgets'
2,0,error,no-name-in-module:No name 'QDateTimeEdit' in module 'PyQt6.QtWidgets'
2,0,error,no-name-in-module:No name 'QDial' in module 'PyQt6.QtWidgets'
2,0,error,no-name-in-module:No name 'QDialog' in module 'PyQt6.QtWidgets'
2,0,error,no-name-in-module:No name 'QGridLayout' in module 'PyQt6.QtWidgets'
2,0,error,no-name-in-module:No name 'QGroupBox' in module 'PyQt6.QtWidgets'
2,0,error,no-name-in-module:No name 'QHBoxLayout' in module 'PyQt6.QtWidgets'
2,0,error,no-name-in-module:No name 'QLabel' in module 'PyQt6.QtWidgets'
2,0,error,no-name-in-module:No name 'QLineEdit' in module 'PyQt6.QtWidgets'
2,0,error,no-name-in-module:No name 'QProgressBar' in module 'PyQt6.QtWidgets'
2,0,error,no-name-in-module:No name 'QPushButton' in module 'PyQt6.QtWidgets'
2,0,error,no-name-in-module:No name 'QRadioButton' in module 'PyQt6.QtWidgets'
2,0,error,no-name-in-module:No name 'QScrollBar' in module 'PyQt6.QtWidgets'
2,0,error,no-name-in-module:No name 'QSizePolicy' in module 'PyQt6.QtWidgets'
2,0,error,no-name-in-module:No name 'QSlider' in module 'PyQt6.QtWidgets'
2,0,error,no-name-in-module:No name 'QSpinBox' in module 'PyQt6.QtWidgets'
2,0,error,no-name-in-module:No name 'QStyleFactory' in module 'PyQt6.QtWidgets'
2,0,error,no-name-in-module:No name 'QTableWidget' in module 'PyQt6.QtWidgets'
2,0,error,no-name-in-module:No name 'QTabWidget' in module 'PyQt6.QtWidgets'
2,0,error,no-name-in-module:No name 'QTextEdit' in module 'PyQt6.QtWidgets'
2,0,error,no-name-in-module:No name 'QVBoxLayout' in module 'PyQt6.QtWidgets'
2,0,error,no-name-in-module:No name 'QWidget' in module 'PyQt6.QtWidgets'

------------------------------------------------------------------
Your code has been rated at 0.56/10 (previous run: 9.30/10, -8.74)

##########Linting Output - pylint##########

-------------------------------------------------------------------
Your code has been rated at 10.00/10 (previous run: 9.80/10, +0.20)

Error 2021-01-25 23:14:16: stderr jediProxy Error (stderr) /home/mike/.vscode-oss/extensions/ms-python.python-2020.10.332292344/pythonFiles/completion.py:584: DeprecationWarning: Deprecated since version 0.16.0. Use Script(...).get_names instead.
  jedi.api.names(

Error 2021-01-25 23:14:19: stderr jediProxy Error (stderr) /home/mike/.vscode-oss/extensions/ms-python.python-2020.10.332292344/pythonFiles/completion.py:592: DeprecationWarning: Providing the line is now done in the functions themselves like `Script(...).complete(line, column)`
  script = jedi.Script(
/home/mike/.vscode-oss/extensions/ms-python.python-2020.10.332292344/pythonFiles/completion.py:592: DeprecationWarning: Providing the column is now done in the functions themselves like `Script(...).complete(line, column)`
  script = jedi.Script(

Error 2021-01-25 23:14:19: stderr jediProxy Error (stderr) /home/mike/.vscode-oss/extensions/ms-python.python-2020.10.332292344/pythonFiles/completion.py:592: DeprecationWarning: Deprecated since version 0.17.0. Use the project API instead, which means Script(project=Project(dir, sys_path=sys_path)) instead.
  script = jedi.Script(

Error 2021-01-25 23:14:19: stderr jediProxy Error (stderr) /home/mike/.vscode-oss/extensions/ms-python.python-2020.10.332292344/pythonFiles/completion.py:626: DeprecationWarning: Deprecated since version 0.16.0. Use Script(...).infer instead.
  script.goto_definitions(), request["id"]

Error 2021-01-25 23:14:22: stderr jediProxy Error (stderr) /home/mike/.vscode-oss/extensions/ms-python.python-2020.10.332292344/pythonFiles/completion.py:584: DeprecationWarning: Deprecated since version 0.16.0. Use Script(...).get_names instead.
  jedi.api.names(

Error 2021-01-25 23:14:26: stderr jediProxy Error (stderr) /home/mike/.vscode-oss/extensions/ms-python.python-2020.10.332292344/pythonFiles/completion.py:592: DeprecationWarning: Providing the line is now done in the functions themselves like `Script(...).complete(line, column)`
  script = jedi.Script(
/home/mike/.vscode-oss/extensions/ms-python.python-2020.10.332292344/pythonFiles/completion.py:592: DeprecationWarning: Providing the column is now done in the functions themselves like `Script(...).complete(line, column)`
  script = jedi.Script(

Error 2021-01-25 23:14:26: stderr jediProxy Error (stderr) /home/mike/.vscode-oss/extensions/ms-python.python-2020.10.332292344/pythonFiles/completion.py:592: DeprecationWarning: Deprecated since version 0.17.0. Use the project API instead, which means Script(project=Project(dir, sys_path=sys_path)) instead.
  script = jedi.Script(

Error 2021-01-25 23:14:26: stderr jediProxy Error (stderr) /home/mike/.vscode-oss/extensions/ms-python.python-2020.10.332292344/pythonFiles/completion.py:626: DeprecationWarning: Deprecated since version 0.16.0. Use Script(...).infer instead.
  script.goto_definitions(), request["id"]

Error 2021-01-25 23:14:36: stderr jediProxy Error (stderr) /home/mike/.vscode-oss/extensions/ms-python.python-2020.10.332292344/pythonFiles/completion.py:584: DeprecationWarning: Deprecated since version 0.16.0. Use Script(...).get_names instead.
  jedi.api.names(

Error 2021-01-25 23:14:36: stderr jediProxy Error (stderr) /home/mike/.vscode-oss/extensions/ms-python.python-2020.10.332292344/pythonFiles/completion.py:592: DeprecationWarning: Providing the line is now done in the functions themselves like `Script(...).complete(line, column)`
  script = jedi.Script(
/home/mike/.vscode-oss/extensions/ms-python.python-2020.10.332292344/pythonFiles/completion.py:592: DeprecationWarning: Providing the column is now done in the functions themselves like `Script(...).complete(line, column)`
  script = jedi.Script(
/home/mike/.vscode-oss/extensions/ms-python.python-2020.10.332292344/pythonFiles/completion.py:592: DeprecationWarning: Deprecated since version 0.17.0. Use the project API instead, which means Script(project=Project(dir, sys_path=sys_path)) instead.
  script = jedi.Script(
/home/mike/.vscode-oss/extensions/ms-python.python-2020.10.332292344/pythonFiles/completion.py:626: DeprecationWarning: Deprecated since version 0.16.0. Use Script(...).infer instead.
  script.goto_definitions(), request["id"]

Error 2021-01-25 23:14:40: stderr jediProxy Error (stderr) /home/mike/.vscode-oss/extensions/ms-python.python-2020.10.332292344/pythonFiles/completion.py:592: DeprecationWarning: Providing the line is now done in the functions themselves like `Script(...).complete(line, column)`
  script = jedi.Script(
/home/mike/.vscode-oss/extensions/ms-python.python-2020.10.332292344/pythonFiles/completion.py:592: DeprecationWarning: Providing the column is now done in the functions themselves like `Script(...).complete(line, column)`
  script = jedi.Script(

Error 2021-01-25 23:14:40: stderr jediProxy Error (stderr) /home/mike/.vscode-oss/extensions/ms-python.python-2020.10.332292344/pythonFiles/completion.py:592: DeprecationWarning: Deprecated since version 0.17.0. Use the project API instead, which means Script(project=Project(dir, sys_path=sys_path)) instead.
  script = jedi.Script(

Error 2021-01-25 23:14:40: stderr jediProxy Error (stderr) /home/mike/.vscode-oss/extensions/ms-python.python-2020.10.332292344/pythonFiles/completion.py:626: DeprecationWarning: Deprecated since version 0.16.0. Use Script(...).infer instead.
  script.goto_definitions(), request["id"]

Error 2021-01-25 23:33:32: stderr jediProxy Error (stderr) /home/mike/.vscode-oss/extensions/ms-python.python-2020.10.332292344/pythonFiles/completion.py:584: DeprecationWarning: Deprecated since version 0.16.0. Use Script(...).get_names instead.
  jedi.api.names(

> ~/scrap/mypy/bin/python ~/.vscode-oss/extensions/ms-python.python-2020.10.332292344/pythonFiles/pyvsc-run-isolated.py pylint --disable=all --enable=F,unreachable,duplicate-key,unnecessary-semicolon,global-variable-not-assigned,unused-variable,unused-wildcard-import,binary-op-exception,bad-format-string,anomalous-backslash-in-string,bad-open-mode,E0001,E0011,E0012,E0100,E0101,E0102,E0103,E0104,E0105,E0107,E0108,E0110,E0111,E0112,E0113,E0114,E0115,E0116,E0117,E0118,E0202,E0203,E0211,E0213,E0236,E0237,E0238,E0239,E0240,E0241,E0301,E0302,E0303,E0401,E0402,E0601,E0602,E0603,E0604,E0611,E0632,E0633,E0701,E0702,E0703,E0704,E0710,E0711,E0712,E1003,E1101,E1102,E1111,E1120,E1121,E1123,E1124,E1125,E1126,E1127,E1128,E1129,E1130,E1131,E1132,E1133,E1134,E1135,E1136,E1137,E1138,E1139,E1200,E1201,E1205,E1206,E1300,E1301,E1302,E1303,E1304,E1305,E1306,E1310,E1700,E1701 --msg-template='{line},{column},{category},{symbol}:{msg}' --reports=n --output-format=text ~/scrap/mypy/main.py
cwd: ~/scrap/mypy
> ~/scrap/mypy/bin/python ~/.vscode-oss/extensions/ms-python.python-2020.10.332292344/pythonFiles/pyvsc-run-isolated.py pylint --disable=all --enable=F,unreachable,duplicate-key,unnecessary-semicolon,global-variable-not-assigned,unused-variable,unused-wildcard-import,binary-op-exception,bad-format-string,anomalous-backslash-in-string,bad-open-mode,E0001,E0011,E0012,E0100,E0101,E0102,E0103,E0104,E0105,E0107,E0108,E0110,E0111,E0112,E0113,E0114,E0115,E0116,E0117,E0118,E0202,E0203,E0211,E0213,E0236,E0237,E0238,E0239,E0240,E0241,E0301,E0302,E0303,E0401,E0402,E0601,E0602,E0603,E0604,E0611,E0632,E0633,E0701,E0702,E0703,E0704,E0710,E0711,E0712,E1003,E1101,E1102,E1111,E1120,E1121,E1123,E1124,E1125,E1126,E1127,E1128,E1129,E1130,E1131,E1132,E1133,E1134,E1135,E1136,E1137,E1138,E1139,E1200,E1201,E1205,E1206,E1300,E1301,E1302,E1303,E1304,E1305,E1306,E1310,E1700,E1701 --msg-template='{line},{column},{category},{symbol}:{msg}' --reports=n --output-format=text ~/scrap/mypy/main.py
cwd: ~/scrap/mypy
##########Linting Output - pylint##########
************* Module main
1,0,error,no-name-in-module:No name 'QDateTime' in module 'PyQt6.QtCore'
1,0,error,no-name-in-module:No name 'Qt' in module 'PyQt6.QtCore'
1,0,error,no-name-in-module:No name 'QTimer' in module 'PyQt6.QtCore'
2,0,error,no-name-in-module:No name 'QApplication' in module 'PyQt6.QtWidgets'
2,0,error,no-name-in-module:No name 'QCheckBox' in module 'PyQt6.QtWidgets'
2,0,error,no-name-in-module:No name 'QComboBox' in module 'PyQt6.QtWidgets'
2,0,error,no-name-in-module:No name 'QDateTimeEdit' in module 'PyQt6.QtWidgets'
2,0,error,no-name-in-module:No name 'QDial' in module 'PyQt6.QtWidgets'
2,0,error,no-name-in-module:No name 'QDialog' in module 'PyQt6.QtWidgets'
2,0,error,no-name-in-module:No name 'QGridLayout' in module 'PyQt6.QtWidgets'
2,0,error,no-name-in-module:No name 'QGroupBox' in module 'PyQt6.QtWidgets'
2,0,error,no-name-in-module:No name 'QHBoxLayout' in module 'PyQt6.QtWidgets'
2,0,error,no-name-in-module:No name 'QLabel' in module 'PyQt6.QtWidgets'
2,0,error,no-name-in-module:No name 'QLineEdit' in module 'PyQt6.QtWidgets'
2,0,error,no-name-in-module:No name 'QProgressBar' in module 'PyQt6.QtWidgets'
2,0,error,no-name-in-module:No name 'QPushButton' in module 'PyQt6.QtWidgets'
2,0,error,no-name-in-module:No name 'QRadioButton' in module 'PyQt6.QtWidgets'
2,0,error,no-name-in-module:No name 'QScrollBar' in module 'PyQt6.QtWidgets'
2,0,error,no-name-in-module:No name 'QSizePolicy' in module 'PyQt6.QtWidgets'
2,0,error,no-name-in-module:No name 'QSlider' in module 'PyQt6.QtWidgets'
2,0,error,no-name-in-module:No name 'QSpinBox' in module 'PyQt6.QtWidgets'
2,0,error,no-name-in-module:No name 'QStyleFactory' in module 'PyQt6.QtWidgets'
2,0,error,no-name-in-module:No name 'QTableWidget' in module 'PyQt6.QtWidgets'
2,0,error,no-name-in-module:No name 'QTabWidget' in module 'PyQt6.QtWidgets'
2,0,error,no-name-in-module:No name 'QTextEdit' in module 'PyQt6.QtWidgets'
2,0,error,no-name-in-module:No name 'QVBoxLayout' in module 'PyQt6.QtWidgets'
2,0,error,no-name-in-module:No name 'QWidget' in module 'PyQt6.QtWidgets'

------------------------------------------------------------------
Your code has been rated at 0.56/10 (previous run: 0.56/10, +0.00)

