Looking for git in: git
Using git 2.29.2 from git
> git rev-parse --git-dir
Open repository: /home/maninder
> git status -z -u
> git check-ignore -v -z --stdin
> git symbolic-ref --short HEAD
> git rev-parse master
> git rev-parse --symbolic-full-name master@{u}
> git rev-list --left-right master...refs/remotes/origin/master
> git for-each-ref --sort -committerdate --format %(refname) %(objectname) %(*objectname)
> git remote --verbose
Warning: Failed to watch ref '/home/maninder/.git/refs/remotes/origin/master', is most likely packed.
> git config --get commit.template
> git show --textconv :.xprofile
> git ls-files --stage -- /home/maninder/.xprofile
> git show --textconv :.zshrc.pre-oh-my-zsh
> git ls-files --stage -- /home/maninder/.zshrc.pre-oh-my-zsh
> git check-ignore -v -z --stdin
> git show --textconv :.xprofile
> git ls-files --stage -- /home/maninder/.xprofile
