[2020-12-14 23:10:07.667] [exthost] [info] extension host started
[2020-12-14 23:10:07.772] [exthost] [info] ExtensionService#_doActivateExtension vscode.python {"startup":false,"extensionId":{"value":"vscode.python","_lower":"vscode.python"},"activationEvent":"onLanguage:python"}
[2020-12-14 23:10:07.772] [exthost] [info] ExtensionService#loadCommonJSModule file:///usr/lib/code/extensions/python/dist/pythonMain
[2020-12-14 23:10:07.775] [exthost] [info] ExtensionService#_doActivateExtension ms-python.python {"startup":false,"extensionId":{"value":"ms-python.python","_lower":"ms-python.python"},"activationEvent":"onLanguage:python"}
[2020-12-14 23:10:07.775] [exthost] [info] ExtensionService#loadCommonJSModule file:///home/maninder/.vscode-oss/extensions/ms-python.python-2020.10.332292344/out/client/extension
[2020-12-14 23:10:08.075] [exthost] [info] ExtensionService#_doActivateExtension vscode.debug-auto-launch {"startup":true,"extensionId":{"value":"vscode.debug-auto-launch","_lower":"vscode.debug-auto-launch"},"activationEvent":"*"}
[2020-12-14 23:10:08.076] [exthost] [info] ExtensionService#loadCommonJSModule file:///usr/lib/code/extensions/debug-auto-launch/dist/extension
[2020-12-14 23:10:08.078] [exthost] [info] ExtensionService#_doActivateExtension vscode.emmet {"startup":true,"extensionId":{"value":"vscode.emmet","_lower":"vscode.emmet"},"activationEvent":"*"}
[2020-12-14 23:10:08.078] [exthost] [info] ExtensionService#loadCommonJSModule file:///usr/lib/code/extensions/emmet/dist/node/emmetNodeMain
[2020-12-14 23:10:08.092] [exthost] [info] ExtensionService#_doActivateExtension vscode.git {"startup":true,"extensionId":{"value":"vscode.github","_lower":"vscode.github"},"activationEvent":"*"}
[2020-12-14 23:10:08.092] [exthost] [info] ExtensionService#loadCommonJSModule file:///usr/lib/code/extensions/git/dist/main
[2020-12-14 23:10:08.111] [exthost] [info] ExtensionService#_doActivateExtension vscode.merge-conflict {"startup":true,"extensionId":{"value":"vscode.merge-conflict","_lower":"vscode.merge-conflict"},"activationEvent":"*"}
[2020-12-14 23:10:08.111] [exthost] [info] ExtensionService#loadCommonJSModule file:///usr/lib/code/extensions/merge-conflict/dist/mergeConflictMain
[2020-12-14 23:10:08.114] [exthost] [info] ExtensionService#_doActivateExtension vscode.search-result {"startup":true,"extensionId":{"value":"vscode.search-result","_lower":"vscode.search-result"},"activationEvent":"*"}
[2020-12-14 23:10:08.114] [exthost] [info] ExtensionService#loadCommonJSModule file:///usr/lib/code/extensions/search-result/dist/extension.js
[2020-12-14 23:10:08.115] [exthost] [info] ExtensionService#_doActivateExtension EditorConfig.EditorConfig {"startup":true,"extensionId":{"value":"EditorConfig.EditorConfig","_lower":"editorconfig.editorconfig"},"activationEvent":"*"}
[2020-12-14 23:10:08.115] [exthost] [info] ExtensionService#loadCommonJSModule file:///home/maninder/.vscode-oss/extensions/editorconfig.editorconfig-0.16.4/out/editorConfigMain.js
[2020-12-14 23:10:08.127] [exthost] [info] ExtensionService#_doActivateExtension PKief.material-icon-theme {"startup":true,"extensionId":{"value":"PKief.material-icon-theme","_lower":"pkief.material-icon-theme"},"activationEvent":"*"}
[2020-12-14 23:10:08.127] [exthost] [info] ExtensionService#loadCommonJSModule file:///home/maninder/.vscode-oss/extensions/pkief.material-icon-theme-4.4.0/dist/extension
[2020-12-14 23:10:08.363] [exthost] [info] ExtensionService#_doActivateExtension vscode.github {"startup":true,"extensionId":{"value":"vscode.github","_lower":"vscode.github"},"activationEvent":"*"}
[2020-12-14 23:10:08.363] [exthost] [info] ExtensionService#loadCommonJSModule file:///usr/lib/code/extensions/github/dist/extension.js
[2020-12-14 23:10:08.366] [exthost] [info] ExtensionService#_doActivateExtension ms-vscode.js-debug {"startup":false,"extensionId":{"value":"ms-vscode.js-debug","_lower":"ms-vscode.js-debug"},"activationEvent":"onCommand:extension.js-debug.clearAutoAttachVariables"}
[2020-12-14 23:10:08.366] [exthost] [info] ExtensionService#loadCommonJSModule file:///usr/lib/code/extensions/ms-vscode.js-debug/src/extension.js
[2020-12-14 23:10:08.448] [exthost] [info] eager extensions activated
[2020-12-14 23:10:08.471] [exthost] [info] ExtensionService#_doActivateExtension esbenp.prettier-vscode {"startup":false,"extensionId":{"value":"esbenp.prettier-vscode","_lower":"esbenp.prettier-vscode"},"activationEvent":"onStartupFinished"}
[2020-12-14 23:10:08.471] [exthost] [info] ExtensionService#loadCommonJSModule file:///home/maninder/.vscode-oss/extensions/esbenp.prettier-vscode-5.8.0/dist/extension
[2020-12-14 23:10:11.503] [exthost] [error] [ms-python.python] provider FAILED
[2020-12-14 23:10:11.506] [exthost] [error] Error: [ms-python.python]: Proposed API is only available when running out of dev or with the following command line switch: --enable-proposed-api ms-python.python
	at a (/usr/lib/code/out/vs/workbench/services/extensions/node/extensionHostProcess.js:672:99)
	at Object.t.checkProposedApiEnabled (/usr/lib/code/out/vs/workbench/services/extensions/node/extensionHostProcess.js:672:567)
	at Object.get activeNotebookEditor [as activeNotebookEditor] (/usr/lib/code/out/vs/workbench/services/extensions/node/extensionHostProcess.js:1036:521)
	at u.get activeNotebookEditor [as activeNotebookEditor] (/home/maninder/.vscode-oss/extensions/ms-python.python-2020.10.332292344/out/client/extension.js:56:1203223)
	at g.provideCodeLenses (/home/maninder/.vscode-oss/extensions/ms-python.python-2020.10.332292344/out/client/extension.js:56:229657)
	at b.provideCodeLenses (/usr/lib/code/out/vs/workbench/services/extensions/node/extensionHostProcess.js:751:662)
	at /usr/lib/code/out/vs/workbench/services/extensions/node/extensionHostProcess.js:773:370
	at q._withAdapter (/usr/lib/code/out/vs/workbench/services/extensions/node/extensionHostProcess.js:772:10)
	at q.$provideCodeLenses (/usr/lib/code/out/vs/workbench/services/extensions/node/extensionHostProcess.js:773:348)
	at m._doInvokeHandler (/usr/lib/code/out/vs/workbench/services/extensions/node/extensionHostProcess.js:892:926)
	at m._invokeHandler (/usr/lib/code/out/vs/workbench/services/extensions/node/extensionHostProcess.js:892:618)
	at m._receiveRequest (/usr/lib/code/out/vs/workbench/services/extensions/node/extensionHostProcess.js:891:201)
	at m._receiveOneMessage (/usr/lib/code/out/vs/workbench/services/extensions/node/extensionHostProcess.js:890:6)
	at /usr/lib/code/out/vs/workbench/services/extensions/node/extensionHostProcess.js:888:136
	at l.fire (/usr/lib/code/out/vs/workbench/services/extensions/node/extensionHostProcess.js:46:801)
	at v.fire (/usr/lib/code/out/vs/workbench/services/extensions/node/extensionHostProcess.js:233:787)
	at /usr/lib/code/out/vs/workbench/services/extensions/node/extensionHostProcess.js:1094:104
	at l.fire (/usr/lib/code/out/vs/workbench/services/extensions/node/extensionHostProcess.js:46:801)
	at v.fire (/usr/lib/code/out/vs/workbench/services/extensions/node/extensionHostProcess.js:233:787)
	at t.PersistentProtocol._receiveMessage (/usr/lib/code/out/vs/workbench/services/extensions/node/extensionHostProcess.js:238:1004)
	at /usr/lib/code/out/vs/workbench/services/extensions/node/extensionHostProcess.js:235:927
	at l.fire (/usr/lib/code/out/vs/workbench/services/extensions/node/extensionHostProcess.js:46:801)
	at p.acceptChunk (/usr/lib/code/out/vs/workbench/services/extensions/node/extensionHostProcess.js:231:195)
	at /usr/lib/code/out/vs/workbench/services/extensions/node/extensionHostProcess.js:230:547
	at Socket.t (/usr/lib/code/out/vs/workbench/services/extensions/node/extensionHostProcess.js:240:822)
	at Socket.emit (events.js:223:5)
	at addChunk (_stream_readable.js:309:12)
	at readableAddChunk (_stream_readable.js:290:11)
	at Socket.Readable.push (_stream_readable.js:224:10)
	at Pipe.onStreamRead (internal/stream_base_commons.js:181:23)
[2020-12-14 23:10:12.372] [exthost] [error] [ms-python.python] provider FAILED
[2020-12-14 23:10:12.372] [exthost] [error] Error: [ms-python.python]: Proposed API is only available when running out of dev or with the following command line switch: --enable-proposed-api ms-python.python
	at a (/usr/lib/code/out/vs/workbench/services/extensions/node/extensionHostProcess.js:672:99)
	at Object.t.checkProposedApiEnabled (/usr/lib/code/out/vs/workbench/services/extensions/node/extensionHostProcess.js:672:567)
	at Object.get activeNotebookEditor [as activeNotebookEditor] (/usr/lib/code/out/vs/workbench/services/extensions/node/extensionHostProcess.js:1036:521)
	at u.get activeNotebookEditor [as activeNotebookEditor] (/home/maninder/.vscode-oss/extensions/ms-python.python-2020.10.332292344/out/client/extension.js:56:1203223)
	at g.provideCodeLenses (/home/maninder/.vscode-oss/extensions/ms-python.python-2020.10.332292344/out/client/extension.js:56:229657)
	at b.provideCodeLenses (/usr/lib/code/out/vs/workbench/services/extensions/node/extensionHostProcess.js:751:662)
	at /usr/lib/code/out/vs/workbench/services/extensions/node/extensionHostProcess.js:773:370
	at q._withAdapter (/usr/lib/code/out/vs/workbench/services/extensions/node/extensionHostProcess.js:772:10)
	at q.$provideCodeLenses (/usr/lib/code/out/vs/workbench/services/extensions/node/extensionHostProcess.js:773:348)
	at m._doInvokeHandler (/usr/lib/code/out/vs/workbench/services/extensions/node/extensionHostProcess.js:892:926)
	at m._invokeHandler (/usr/lib/code/out/vs/workbench/services/extensions/node/extensionHostProcess.js:892:618)
	at m._receiveRequest (/usr/lib/code/out/vs/workbench/services/extensions/node/extensionHostProcess.js:891:201)
	at m._receiveOneMessage (/usr/lib/code/out/vs/workbench/services/extensions/node/extensionHostProcess.js:890:6)
	at /usr/lib/code/out/vs/workbench/services/extensions/node/extensionHostProcess.js:888:136
	at l.fire (/usr/lib/code/out/vs/workbench/services/extensions/node/extensionHostProcess.js:46:801)
	at v.fire (/usr/lib/code/out/vs/workbench/services/extensions/node/extensionHostProcess.js:233:787)
	at /usr/lib/code/out/vs/workbench/services/extensions/node/extensionHostProcess.js:1094:104
	at l.fire (/usr/lib/code/out/vs/workbench/services/extensions/node/extensionHostProcess.js:46:801)
	at v.fire (/usr/lib/code/out/vs/workbench/services/extensions/node/extensionHostProcess.js:233:787)
	at t.PersistentProtocol._receiveMessage (/usr/lib/code/out/vs/workbench/services/extensions/node/extensionHostProcess.js:238:1004)
	at /usr/lib/code/out/vs/workbench/services/extensions/node/extensionHostProcess.js:235:927
	at l.fire (/usr/lib/code/out/vs/workbench/services/extensions/node/extensionHostProcess.js:46:801)
	at p.acceptChunk (/usr/lib/code/out/vs/workbench/services/extensions/node/extensionHostProcess.js:231:195)
	at /usr/lib/code/out/vs/workbench/services/extensions/node/extensionHostProcess.js:230:547
	at Socket.t (/usr/lib/code/out/vs/workbench/services/extensions/node/extensionHostProcess.js:240:822)
	at Socket.emit (events.js:223:5)
	at addChunk (_stream_readable.js:309:12)
	at readableAddChunk (_stream_readable.js:290:11)
	at Socket.Readable.push (_stream_readable.js:224:10)
	at Pipe.onStreamRead (internal/stream_base_commons.js:181:23)
[2020-12-14 23:10:38.009] [exthost] [error] [ms-python.python] provider FAILED
[2020-12-14 23:10:38.010] [exthost] [error] Error: [ms-python.python]: Proposed API is only available when running out of dev or with the following command line switch: --enable-proposed-api ms-python.python
	at a (/usr/lib/code/out/vs/workbench/services/extensions/node/extensionHostProcess.js:672:99)
	at Object.t.checkProposedApiEnabled (/usr/lib/code/out/vs/workbench/services/extensions/node/extensionHostProcess.js:672:567)
	at Object.get activeNotebookEditor [as activeNotebookEditor] (/usr/lib/code/out/vs/workbench/services/extensions/node/extensionHostProcess.js:1036:521)
	at u.get activeNotebookEditor [as activeNotebookEditor] (/home/maninder/.vscode-oss/extensions/ms-python.python-2020.10.332292344/out/client/extension.js:56:1203223)
	at g.provideCodeLenses (/home/maninder/.vscode-oss/extensions/ms-python.python-2020.10.332292344/out/client/extension.js:56:229657)
	at b.provideCodeLenses (/usr/lib/code/out/vs/workbench/services/extensions/node/extensionHostProcess.js:751:662)
	at /usr/lib/code/out/vs/workbench/services/extensions/node/extensionHostProcess.js:773:370
	at q._withAdapter (/usr/lib/code/out/vs/workbench/services/extensions/node/extensionHostProcess.js:772:10)
	at q.$provideCodeLenses (/usr/lib/code/out/vs/workbench/services/extensions/node/extensionHostProcess.js:773:348)
	at m._doInvokeHandler (/usr/lib/code/out/vs/workbench/services/extensions/node/extensionHostProcess.js:892:926)
	at m._invokeHandler (/usr/lib/code/out/vs/workbench/services/extensions/node/extensionHostProcess.js:892:618)
	at m._receiveRequest (/usr/lib/code/out/vs/workbench/services/extensions/node/extensionHostProcess.js:891:201)
	at m._receiveOneMessage (/usr/lib/code/out/vs/workbench/services/extensions/node/extensionHostProcess.js:890:6)
	at /usr/lib/code/out/vs/workbench/services/extensions/node/extensionHostProcess.js:888:136
	at l.fire (/usr/lib/code/out/vs/workbench/services/extensions/node/extensionHostProcess.js:46:801)
	at v.fire (/usr/lib/code/out/vs/workbench/services/extensions/node/extensionHostProcess.js:233:787)
	at /usr/lib/code/out/vs/workbench/services/extensions/node/extensionHostProcess.js:1094:104
	at l.fire (/usr/lib/code/out/vs/workbench/services/extensions/node/extensionHostProcess.js:46:801)
	at v.fire (/usr/lib/code/out/vs/workbench/services/extensions/node/extensionHostProcess.js:233:787)
	at t.PersistentProtocol._receiveMessage (/usr/lib/code/out/vs/workbench/services/extensions/node/extensionHostProcess.js:238:1004)
	at /usr/lib/code/out/vs/workbench/services/extensions/node/extensionHostProcess.js:235:927
	at l.fire (/usr/lib/code/out/vs/workbench/services/extensions/node/extensionHostProcess.js:46:801)
	at p.acceptChunk (/usr/lib/code/out/vs/workbench/services/extensions/node/extensionHostProcess.js:231:195)
	at /usr/lib/code/out/vs/workbench/services/extensions/node/extensionHostProcess.js:230:547
	at Socket.t (/usr/lib/code/out/vs/workbench/services/extensions/node/extensionHostProcess.js:240:822)
	at Socket.emit (events.js:223:5)
	at addChunk (_stream_readable.js:309:12)
	at readableAddChunk (_stream_readable.js:290:11)
	at Socket.Readable.push (_stream_readable.js:224:10)
	at Pipe.onStreamRead (internal/stream_base_commons.js:181:23)
[2020-12-14 23:10:49.812] [exthost] [error] [ms-python.python] provider FAILED
[2020-12-14 23:10:49.813] [exthost] [error] Error: [ms-python.python]: Proposed API is only available when running out of dev or with the following command line switch: --enable-proposed-api ms-python.python
	at a (/usr/lib/code/out/vs/workbench/services/extensions/node/extensionHostProcess.js:672:99)
	at Object.t.checkProposedApiEnabled (/usr/lib/code/out/vs/workbench/services/extensions/node/extensionHostProcess.js:672:567)
	at Object.get activeNotebookEditor [as activeNotebookEditor] (/usr/lib/code/out/vs/workbench/services/extensions/node/extensionHostProcess.js:1036:521)
	at u.get activeNotebookEditor [as activeNotebookEditor] (/home/maninder/.vscode-oss/extensions/ms-python.python-2020.10.332292344/out/client/extension.js:56:1203223)
	at g.provideCodeLenses (/home/maninder/.vscode-oss/extensions/ms-python.python-2020.10.332292344/out/client/extension.js:56:229657)
	at b.provideCodeLenses (/usr/lib/code/out/vs/workbench/services/extensions/node/extensionHostProcess.js:751:662)
	at /usr/lib/code/out/vs/workbench/services/extensions/node/extensionHostProcess.js:773:370
	at q._withAdapter (/usr/lib/code/out/vs/workbench/services/extensions/node/extensionHostProcess.js:772:10)
	at q.$provideCodeLenses (/usr/lib/code/out/vs/workbench/services/extensions/node/extensionHostProcess.js:773:348)
	at m._doInvokeHandler (/usr/lib/code/out/vs/workbench/services/extensions/node/extensionHostProcess.js:892:926)
	at m._invokeHandler (/usr/lib/code/out/vs/workbench/services/extensions/node/extensionHostProcess.js:892:618)
	at m._receiveRequest (/usr/lib/code/out/vs/workbench/services/extensions/node/extensionHostProcess.js:891:201)
	at m._receiveOneMessage (/usr/lib/code/out/vs/workbench/services/extensions/node/extensionHostProcess.js:890:6)
	at /usr/lib/code/out/vs/workbench/services/extensions/node/extensionHostProcess.js:888:136
	at l.fire (/usr/lib/code/out/vs/workbench/services/extensions/node/extensionHostProcess.js:46:801)
	at v.fire (/usr/lib/code/out/vs/workbench/services/extensions/node/extensionHostProcess.js:233:787)
	at /usr/lib/code/out/vs/workbench/services/extensions/node/extensionHostProcess.js:1094:104
	at l.fire (/usr/lib/code/out/vs/workbench/services/extensions/node/extensionHostProcess.js:46:801)
	at v.fire (/usr/lib/code/out/vs/workbench/services/extensions/node/extensionHostProcess.js:233:787)
	at t.PersistentProtocol._receiveMessage (/usr/lib/code/out/vs/workbench/services/extensions/node/extensionHostProcess.js:238:1004)
	at /usr/lib/code/out/vs/workbench/services/extensions/node/extensionHostProcess.js:235:927
	at l.fire (/usr/lib/code/out/vs/workbench/services/extensions/node/extensionHostProcess.js:46:801)
	at p.acceptChunk (/usr/lib/code/out/vs/workbench/services/extensions/node/extensionHostProcess.js:231:195)
	at /usr/lib/code/out/vs/workbench/services/extensions/node/extensionHostProcess.js:230:547
	at Socket.t (/usr/lib/code/out/vs/workbench/services/extensions/node/extensionHostProcess.js:240:822)
	at Socket.emit (events.js:223:5)
	at addChunk (_stream_readable.js:309:12)
	at readableAddChunk (_stream_readable.js:290:11)
	at Socket.Readable.push (_stream_readable.js:224:10)
	at Pipe.onStreamRead (internal/stream_base_commons.js:181:23)
[2020-12-14 23:11:00.833] [exthost] [error] [ms-python.python] provider FAILED
[2020-12-14 23:11:00.834] [exthost] [error] Error: [ms-python.python]: Proposed API is only available when running out of dev or with the following command line switch: --enable-proposed-api ms-python.python
	at a (/usr/lib/code/out/vs/workbench/services/extensions/node/extensionHostProcess.js:672:99)
	at Object.t.checkProposedApiEnabled (/usr/lib/code/out/vs/workbench/services/extensions/node/extensionHostProcess.js:672:567)
	at Object.get activeNotebookEditor [as activeNotebookEditor] (/usr/lib/code/out/vs/workbench/services/extensions/node/extensionHostProcess.js:1036:521)
	at u.get activeNotebookEditor [as activeNotebookEditor] (/home/maninder/.vscode-oss/extensions/ms-python.python-2020.10.332292344/out/client/extension.js:56:1203223)
	at g.provideCodeLenses (/home/maninder/.vscode-oss/extensions/ms-python.python-2020.10.332292344/out/client/extension.js:56:229657)
	at b.provideCodeLenses (/usr/lib/code/out/vs/workbench/services/extensions/node/extensionHostProcess.js:751:662)
	at /usr/lib/code/out/vs/workbench/services/extensions/node/extensionHostProcess.js:773:370
	at q._withAdapter (/usr/lib/code/out/vs/workbench/services/extensions/node/extensionHostProcess.js:772:10)
	at q.$provideCodeLenses (/usr/lib/code/out/vs/workbench/services/extensions/node/extensionHostProcess.js:773:348)
	at m._doInvokeHandler (/usr/lib/code/out/vs/workbench/services/extensions/node/extensionHostProcess.js:892:926)
	at m._invokeHandler (/usr/lib/code/out/vs/workbench/services/extensions/node/extensionHostProcess.js:892:618)
	at m._receiveRequest (/usr/lib/code/out/vs/workbench/services/extensions/node/extensionHostProcess.js:891:201)
	at m._receiveOneMessage (/usr/lib/code/out/vs/workbench/services/extensions/node/extensionHostProcess.js:890:6)
	at /usr/lib/code/out/vs/workbench/services/extensions/node/extensionHostProcess.js:888:136
	at l.fire (/usr/lib/code/out/vs/workbench/services/extensions/node/extensionHostProcess.js:46:801)
	at v.fire (/usr/lib/code/out/vs/workbench/services/extensions/node/extensionHostProcess.js:233:787)
	at /usr/lib/code/out/vs/workbench/services/extensions/node/extensionHostProcess.js:1094:104
	at l.fire (/usr/lib/code/out/vs/workbench/services/extensions/node/extensionHostProcess.js:46:801)
	at v.fire (/usr/lib/code/out/vs/workbench/services/extensions/node/extensionHostProcess.js:233:787)
	at t.PersistentProtocol._receiveMessage (/usr/lib/code/out/vs/workbench/services/extensions/node/extensionHostProcess.js:238:1004)
	at /usr/lib/code/out/vs/workbench/services/extensions/node/extensionHostProcess.js:235:927
	at l.fire (/usr/lib/code/out/vs/workbench/services/extensions/node/extensionHostProcess.js:46:801)
	at p.acceptChunk (/usr/lib/code/out/vs/workbench/services/extensions/node/extensionHostProcess.js:231:195)
	at /usr/lib/code/out/vs/workbench/services/extensions/node/extensionHostProcess.js:230:547
	at Socket.t (/usr/lib/code/out/vs/workbench/services/extensions/node/extensionHostProcess.js:240:822)
	at Socket.emit (events.js:223:5)
	at addChunk (_stream_readable.js:309:12)
	at readableAddChunk (_stream_readable.js:290:11)
	at Socket.Readable.push (_stream_readable.js:224:10)
	at Pipe.onStreamRead (internal/stream_base_commons.js:181:23)
