Initializing document watcher...
mypy/main.py: {}
mypy/main.py: Using EditorConfig core...
mypy/main.py: Using EditorConfig core...
mypy/main.py: Using EditorConfig core...
mypy/main.py: Using EditorConfig core...
mypy/main.py: {}
mypy/main.py: Using EditorConfig core...
mypy/main.py: Using EditorConfig core...
mypy/main.py: Using EditorConfig core...
mypy/main.py: Using EditorConfig core...
mypy/new.py: {}
mypy/new.py: Using EditorConfig core...
mypy/new.py: Using EditorConfig core...
mypy/new.py: Using EditorConfig core...
mypy/new.py: Using EditorConfig core...
mypy/new.py: Using EditorConfig core...
mypy/new.py: Using EditorConfig core...
mypy/new.py: Using EditorConfig core...
mypy/new.py: Using EditorConfig core...
mypy/new.py: Using EditorConfig core...
mypy/new.py: Using EditorConfig core...
mypy/new.py: Using EditorConfig core...
mypy/new.py: Using EditorConfig core...
mypy/new.py: Using EditorConfig core...
mypy/new.py: Using EditorConfig core...
mypy/new.py: {}
mypy/new.py: Using EditorConfig core...
mypy/new.py: Using EditorConfig core...
mypy/new.py: Using EditorConfig core...
mypy/new.py: Using EditorConfig core...
mypy/new.py: Using EditorConfig core...
mypy/new.py: Using EditorConfig core...
